<?xml version="1.0" encoding="UTF-8"?>
<!-- Generated by org.testng.reporters.JUnitReportReporter -->
<testsuite hostname="DESKTOP-1I2RTCU" failures="0" tests="1" name="selenium_new_feature.New_Window" time="15.441" errors="0" timestamp="2021-01-07T12:19:18 IST" skipped="0">
  <testcase classname="selenium_new_feature.New_Window" name="getNewWindow" time="15.441"/>
  <system-out/>
</testsuite> <!-- selenium_new_feature.New_Window -->
