<?xml version="1.0" encoding="UTF-8"?>
<!-- Generated by org.testng.reporters.JUnitReportReporter -->
<testsuite hostname="DESKTOP-1I2RTCU" failures="0" tests="3" name="testNg.TestNG_Testing" time="4.949" errors="0" timestamp="2021-01-05T18:08:45 IST" skipped="0">
  <testcase classname="testNg.TestNG_Testing" name="setup" time="1.065"/>
  <system-out/>
  <testcase classname="testNg.TestNG_Testing" name="second" time="0.073"/>
  <system-out/>
  <testcase classname="testNg.TestNG_Testing" name="third" time="3.811"/>
  <system-out/>
</testsuite> <!-- testNg.TestNG_Testing -->
