<?xml version="1.0" encoding="UTF-8"?>
<!-- Generated by org.testng.reporters.JUnitReportReporter -->
<testsuite hostname="DESKTOP-1I2RTCU" failures="0" tests="1" name="testNg.DeSeriizing_api" time="3.304" errors="0" timestamp="2021-01-05T19:21:28 IST" skipped="0">
  <testcase classname="testNg.DeSeriizing_api" name="get" time="3.304"/>
  <system-out/>
</testsuite> <!-- testNg.DeSeriizing_api -->
