<?xml version="1.0" encoding="UTF-8"?>
<!-- Generated by org.testng.reporters.JUnitReportReporter -->
<testsuite hostname="DESKTOP-1I2RTCU" failures="0" tests="1" name="selenium_new_feature.New_Tab" time="24.041" errors="0" timestamp="2021-01-07T12:11:11 IST" skipped="0">
  <testcase classname="selenium_new_feature.New_Tab" name="getNewTab" time="24.041"/>
  <system-out/>
</testsuite> <!-- selenium_new_feature.New_Tab -->
