<?xml version="1.0" encoding="UTF-8"?>
<!-- Generated by org.testng.reporters.JUnitReportReporter -->
<testsuite hostname="DESKTOP-1I2RTCU" failures="0" tests="2" name="pojo_Advance.Test_Class" time="7.643" errors="0" timestamp="2021-01-09T15:54:07 IST" skipped="1">
  <testcase classname="pojo_Advance.Test_Class" name="Serialising" time="7.643"/>
  <system-out/>
  <testcase classname="pojo_Advance.Test_Class" name="testing">
    <skipped/>
  </testcase> <!-- testing -->
  <system-out/>
</testsuite> <!-- pojo_Advance.Test_Class -->
